This file contains any messages produced by compilers while
running configure, to aid debugging if configure makes a mistake.

It was created by libffi configure 3.3, which was
generated by GNU Autoconf 2.69.  Invocation command line was

  $ /Users/Ben/Documents/Jekyll_Websites/lengfc09.github.io/vendor/bundle/ruby/2.6.0/gems/ffi-1.15.5/ext/ffi_c/libffi/configure --disable-static --with-pic=yes --disable-dependency-tracking --disable-docs --host=

## --------- ##
## Platform. ##
## --------- ##

hostname = chenyangyifans-MacBook-Pro.local
uname -m = x86_64
uname -r = 24.6.0
uname -s = Darwin
uname -v = Darwin Kernel Version 24.6.0: Mon Jul 14 11:30:30 PDT 2025; root:xnu-11417.140.69~1/RELEASE_ARM64_T6020

/usr/bin/uname -p = i386
/bin/uname -X     = unknown

/bin/arch              = unknown
/usr/bin/arch -k       = unknown
/usr/convex/getsysinfo = unknown
/usr/bin/hostinfo      = Mach kernel version:
	 Darwin Kernel Version 24.6.0: Mon Jul 14 11:30:30 PDT 2025; root:xnu-11417.140.69~1/RELEASE_ARM64_T6020
Kernel configured for up to 10 processors.
10 processors are physically available.
10 processors are logically available.
Processor type: i486 (Intel 80486)
Processors active: 0 1 2 3 4 5 6 7 8 9
Primary memory available: 16.00 gigabytes
Default processor set: 607 tasks, 4504 threads, 10 processors
Load average: 2.97, Mach factor: 7.13
/bin/machine           = unknown
/usr/bin/oslevel       = unknown
/bin/universe          = unknown

PATH: /usr/local/lib/ruby/gems/2.6.0/bin
PATH: /usr/local/opt/ruby@2.6/bin
PATH: /Users/Ben/anaconda3/bin
PATH: /Users/Ben/anaconda3/condabin
PATH: /usr/local/bin
PATH: /System/Cryptexes/App/usr/bin
PATH: /usr/bin
PATH: /bin
PATH: /usr/sbin
PATH: /sbin
PATH: /var/run/com.apple.security.cryptexd/codex.system/bootstrap/usr/local/bin
PATH: /var/run/com.apple.security.cryptexd/codex.system/bootstrap/usr/bin
PATH: /var/run/com.apple.security.cryptexd/codex.system/bootstrap/usr/appleinternal/bin
PATH: /Library/Apple/usr/bin
PATH: /Library/TeX/texbin
PATH: /Applications/iTerm.app/Contents/Resources/utilities
PATH: /Users/Ben/.oh-my-zsh/custom/plugins/fzf-zsh-plugin/bin
PATH: /Users/Ben/.fzf/bin
PATH: /Users/Ben/.rvm/bin


## ----------- ##
## Core tests. ##
## ----------- ##

configure:2704: checking build system type
configure:2718: result: x86_64-apple-darwin13.4.0
configure:2738: checking host system type
configure:2751: result: x86_64-apple-darwin13.4.0
configure:2771: checking target system type
configure:2784: result: x86_64-apple-darwin13.4.0
configure:2881: checking for gsed
configure:2912: result: sed
configure:2940: checking for a BSD-compatible install
configure:3008: result: /usr/bin/install -c
configure:3019: checking whether build environment is sane
configure:3074: result: yes
configure:3222: checking for a thread-safe mkdir -p
configure:3261: result: /Users/Ben/Documents/Jekyll_Websites/lengfc09.github.io/vendor/bundle/ruby/2.6.0/gems/ffi-1.15.5/ext/ffi_c/libffi/install-sh -c -d
configure:3268: checking for gawk
configure:3298: result: no
configure:3268: checking for mawk
configure:3298: result: no
configure:3268: checking for nawk
configure:3298: result: no
configure:3268: checking for awk
configure:3284: found /usr/bin/awk
configure:3295: result: awk
configure:3306: checking whether make sets $(MAKE)
configure:3328: result: yes
configure:3357: checking whether make supports nested variables
configure:3374: result: yes
configure:3559: checking for gcc
configure:3586: result: clang
configure:3815: checking for C compiler version
configure:3824: clang --version >&5
clang version 11.0.0
Target: x86_64-apple-darwin24.6.0
Thread model: posix
InstalledDir: /Users/Ben/anaconda3/bin
configure:3835: $? = 0
configure:3824: clang -v >&5
clang version 11.0.0
Target: x86_64-apple-darwin24.6.0
Thread model: posix
InstalledDir: /Users/Ben/anaconda3/bin
configure:3835: $? = 0
configure:3824: clang -V >&5
clang-11: error: argument to '-V' is missing (expected 1 value)
clang-11: error: no input files
configure:3835: $? = 1
configure:3824: clang -qversion >&5
clang-11: error: unknown argument '-qversion'; did you mean '--version'?
clang-11: error: no input files
configure:3835: $? = 1
configure:3855: checking whether the C compiler works
configure:3877: clang  -DRUBY_EXTCONF_H=\"extconf.h\"  -I/usr/local/opt/libyaml/include -I/usr/local/opt/openssl@1.1/include -I/usr/local/opt/readline/include -D_XOPEN_SOURCE -D_DARWIN_C_SOURCE -D_DARWIN_UNLIMITED_SELECT -D_REENTRANT   -Wl,-pie -Wl,-headerpad_max_install_names -Wl,-dead_strip_dylibs -Wl,-rpath,/Users/Ben/anaconda3/lib -L/Users/Ben/anaconda3/lib conftest.c  >&5
In file included from <built-in>:351:
<command line>:1:25: warning: missing terminating '"' character [-Winvalid-pp-token]
#define RUBY_EXTCONF_H \"extconf.h\"
                        ^
1 warning generated.
configure:3881: $? = 0
configure:3929: result: yes
configure:3932: checking for C compiler default output file name
configure:3934: result: a.out
configure:3940: checking for suffix of executables
configure:3947: clang -o conftest  -DRUBY_EXTCONF_H=\"extconf.h\"  -I/usr/local/opt/libyaml/include -I/usr/local/opt/openssl@1.1/include -I/usr/local/opt/readline/include -D_XOPEN_SOURCE -D_DARWIN_C_SOURCE -D_DARWIN_UNLIMITED_SELECT -D_REENTRANT   -Wl,-pie -Wl,-headerpad_max_install_names -Wl,-dead_strip_dylibs -Wl,-rpath,/Users/Ben/anaconda3/lib -L/Users/Ben/anaconda3/lib conftest.c  >&5
In file included from <built-in>:351:
<command line>:1:25: warning: missing terminating '"' character [-Winvalid-pp-token]
#define RUBY_EXTCONF_H \"extconf.h\"
                        ^
1 warning generated.
configure:3951: $? = 0
configure:3973: result: 
configure:3995: checking whether we are cross compiling
configure:4003: clang -o conftest  -DRUBY_EXTCONF_H=\"extconf.h\"  -I/usr/local/opt/libyaml/include -I/usr/local/opt/openssl@1.1/include -I/usr/local/opt/readline/include -D_XOPEN_SOURCE -D_DARWIN_C_SOURCE -D_DARWIN_UNLIMITED_SELECT -D_REENTRANT   -Wl,-pie -Wl,-headerpad_max_install_names -Wl,-dead_strip_dylibs -Wl,-rpath,/Users/Ben/anaconda3/lib -L/Users/Ben/anaconda3/lib conftest.c  >&5
In file included from <built-in>:351:
<command line>:1:25: warning: missing terminating '"' character [-Winvalid-pp-token]
#define RUBY_EXTCONF_H \"extconf.h\"
                        ^
1 warning generated.
configure:4007: $? = 0
configure:4014: ./conftest
configure:4018: $? = 0
configure:4033: result: no
configure:4038: checking for suffix of object files
configure:4060: clang -c  -DRUBY_EXTCONF_H=\"extconf.h\"  -I/usr/local/opt/libyaml/include -I/usr/local/opt/openssl@1.1/include -I/usr/local/opt/readline/include -D_XOPEN_SOURCE -D_DARWIN_C_SOURCE -D_DARWIN_UNLIMITED_SELECT -D_REENTRANT   conftest.c >&5
In file included from <built-in>:351:
<command line>:1:25: warning: missing terminating '"' character [-Winvalid-pp-token]
#define RUBY_EXTCONF_H \"extconf.h\"
                        ^
1 warning generated.
configure:4064: $? = 0
configure:4085: result: o
configure:4089: checking whether we are using the GNU C compiler
configure:4108: clang -c  -DRUBY_EXTCONF_H=\"extconf.h\"  -I/usr/local/opt/libyaml/include -I/usr/local/opt/openssl@1.1/include -I/usr/local/opt/readline/include -D_XOPEN_SOURCE -D_DARWIN_C_SOURCE -D_DARWIN_UNLIMITED_SELECT -D_REENTRANT   conftest.c >&5
In file included from <built-in>:351:
<command line>:1:25: warning: missing terminating '"' character [-Winvalid-pp-token]
#define RUBY_EXTCONF_H \"extconf.h\"
                        ^
1 warning generated.
configure:4108: $? = 0
configure:4117: result: yes
configure:4126: checking whether clang accepts -g
configure:4146: clang -c -g -DRUBY_EXTCONF_H=\"extconf.h\"  -I/usr/local/opt/libyaml/include -I/usr/local/opt/openssl@1.1/include -I/usr/local/opt/readline/include -D_XOPEN_SOURCE -D_DARWIN_C_SOURCE -D_DARWIN_UNLIMITED_SELECT -D_REENTRANT   conftest.c >&5
In file included from <built-in>:351:
<command line>:1:25: warning: missing terminating '"' character [-Winvalid-pp-token]
#define RUBY_EXTCONF_H \"extconf.h\"
                        ^
1 warning generated.
configure:4146: $? = 0
configure: failed program was:
| /* confdefs.h */
| #define PACKAGE_NAME "libffi"
| #define PACKAGE_TARNAME "libffi"
| #define PACKAGE_VERSION "3.3"
| #define PACKAGE_STRING "libffi 3.3"
| #define PACKAGE_BUGREPORT "http://github.com/libffi/libffi/issues"
| #define PACKAGE_URL ""
| #define PACKAGE "libffi"
| #define VERSION "3.3"
| /* end confdefs.h.  */
| 
| int
| main ()
| {
| 
|   ;
|   return 0;
| }
configure:4161: clang -c  -DRUBY_EXTCONF_H=\"extconf.h\"  -I/usr/local/opt/libyaml/include -I/usr/local/opt/openssl@1.1/include -I/usr/local/opt/readline/include -D_XOPEN_SOURCE -D_DARWIN_C_SOURCE -D_DARWIN_UNLIMITED_SELECT -D_REENTRANT   conftest.c >&5
In file included from <built-in>:351:
<command line>:1:25: warning: missing terminating '"' character [-Winvalid-pp-token]
#define RUBY_EXTCONF_H \"extconf.h\"
                        ^
1 warning generated.
configure:4161: $? = 0
configure: failed program was:
| /* confdefs.h */
| #define PACKAGE_NAME "libffi"
| #define PACKAGE_TARNAME "libffi"
| #define PACKAGE_VERSION "3.3"
| #define PACKAGE_STRING "libffi 3.3"
| #define PACKAGE_BUGREPORT "http://github.com/libffi/libffi/issues"
| #define PACKAGE_URL ""
| #define PACKAGE "libffi"
| #define VERSION "3.3"
| /* end confdefs.h.  */
| 
| int
| main ()
| {
| 
|   ;
|   return 0;
| }
configure:4177: clang -c -g -DRUBY_EXTCONF_H=\"extconf.h\"  -I/usr/local/opt/libyaml/include -I/usr/local/opt/openssl@1.1/include -I/usr/local/opt/readline/include -D_XOPEN_SOURCE -D_DARWIN_C_SOURCE -D_DARWIN_UNLIMITED_SELECT -D_REENTRANT   conftest.c >&5
In file included from <built-in>:351:
<command line>:1:25: warning: missing terminating '"' character [-Winvalid-pp-token]
#define RUBY_EXTCONF_H \"extconf.h\"
                        ^
1 warning generated.
configure:4177: $? = 0
configure:4187: result: yes
configure:4204: checking for clang option to accept ISO C89
configure:4267: clang  -c  -DRUBY_EXTCONF_H=\"extconf.h\"  -I/usr/local/opt/libyaml/include -I/usr/local/opt/openssl@1.1/include -I/usr/local/opt/readline/include -D_XOPEN_SOURCE -D_DARWIN_C_SOURCE -D_DARWIN_UNLIMITED_SELECT -D_REENTRANT   conftest.c >&5
In file included from <built-in>:351:
<command line>:1:25: warning: missing terminating '"' character [-Winvalid-pp-token]
#define RUBY_EXTCONF_H \"extconf.h\"
                        ^
1 warning generated.
configure:4267: $? = 0
configure:4280: result: none needed
configure:4305: checking whether clang understands -c and -o together
configure:4327: clang -c conftest.c -o conftest2.o
configure:4330: $? = 0
configure:4327: clang -c conftest.c -o conftest2.o
configure:4330: $? = 0
configure:4342: result: yes
configure:4362: checking whether make supports the include directive
configure:4377: make -f confmf.GNU && cat confinc.out
make[1]: Entering directory '/Users/Ben/Documents/Jekyll_Websites/lengfc09.github.io/vendor/bundle/ruby/2.6.0/gems/ffi-1.15.5/ext/ffi_c/libffi-x86_64-darwin20'
make[1]: Leaving directory '/Users/Ben/Documents/Jekyll_Websites/lengfc09.github.io/vendor/bundle/ruby/2.6.0/gems/ffi-1.15.5/ext/ffi_c/libffi-x86_64-darwin20'
this is the am__doit target
configure:4380: $? = 0
configure:4399: result: yes (GNU style)
configure:4424: checking dependency style of clang
configure:4535: result: none
configure:4662: checking for C++ compiler version
configure:4671: clang++ --version >&5
clang version 11.0.0
Target: x86_64-apple-darwin24.6.0
Thread model: posix
InstalledDir: /Users/Ben/anaconda3/bin
configure:4682: $? = 0
configure:4671: clang++ -v >&5
clang version 11.0.0
Target: x86_64-apple-darwin24.6.0
Thread model: posix
InstalledDir: /Users/Ben/anaconda3/bin
configure:4682: $? = 0
configure:4671: clang++ -V >&5
clang-11: error: argument to '-V' is missing (expected 1 value)
clang-11: error: no input files
configure:4682: $? = 1
configure:4671: clang++ -qversion >&5
clang-11: error: unknown argument '-qversion'; did you mean '--version'?
clang-11: error: no input files
configure:4682: $? = 1
configure:4686: checking whether we are using the GNU C++ compiler
configure:4705: clang++ -c -fno-common -O3 -ggdb3    -DRUBY_EXTCONF_H=\"extconf.h\"  -I/usr/local/opt/libyaml/include -I/usr/local/opt/openssl@1.1/include -I/usr/local/opt/readline/include -D_XOPEN_SOURCE -D_DARWIN_C_SOURCE -D_DARWIN_UNLIMITED_SELECT -D_REENTRANT   conftest.cpp >&5
In file included from <built-in>:392:
<command line>:1:25: warning: missing terminating '"' character [-Winvalid-pp-token]
#define RUBY_EXTCONF_H \"extconf.h\"
                        ^
1 warning generated.
configure:4705: $? = 0
configure:4714: result: yes
configure:4723: checking whether clang++ accepts -g
configure:4743: clang++ -c -g -DRUBY_EXTCONF_H=\"extconf.h\"  -I/usr/local/opt/libyaml/include -I/usr/local/opt/openssl@1.1/include -I/usr/local/opt/readline/include -D_XOPEN_SOURCE -D_DARWIN_C_SOURCE -D_DARWIN_UNLIMITED_SELECT -D_REENTRANT   conftest.cpp >&5
In file included from <built-in>:392:
<command line>:1:25: warning: missing terminating '"' character [-Winvalid-pp-token]
#define RUBY_EXTCONF_H \"extconf.h\"
                        ^
1 warning generated.
configure:4743: $? = 0
configure: failed program was:
| /* confdefs.h */
| #define PACKAGE_NAME "libffi"
| #define PACKAGE_TARNAME "libffi"
| #define PACKAGE_VERSION "3.3"
| #define PACKAGE_STRING "libffi 3.3"
| #define PACKAGE_BUGREPORT "http://github.com/libffi/libffi/issues"
| #define PACKAGE_URL ""
| #define PACKAGE "libffi"
| #define VERSION "3.3"
| /* end confdefs.h.  */
| 
| int
| main ()
| {
| 
|   ;
|   return 0;
| }
configure:4758: clang++ -c  -DRUBY_EXTCONF_H=\"extconf.h\"  -I/usr/local/opt/libyaml/include -I/usr/local/opt/openssl@1.1/include -I/usr/local/opt/readline/include -D_XOPEN_SOURCE -D_DARWIN_C_SOURCE -D_DARWIN_UNLIMITED_SELECT -D_REENTRANT   conftest.cpp >&5
In file included from <built-in>:392:
<command line>:1:25: warning: missing terminating '"' character [-Winvalid-pp-token]
#define RUBY_EXTCONF_H \"extconf.h\"
                        ^
1 warning generated.
configure:4758: $? = 0
configure: failed program was:
| /* confdefs.h */
| #define PACKAGE_NAME "libffi"
| #define PACKAGE_TARNAME "libffi"
| #define PACKAGE_VERSION "3.3"
| #define PACKAGE_STRING "libffi 3.3"
| #define PACKAGE_BUGREPORT "http://github.com/libffi/libffi/issues"
| #define PACKAGE_URL ""
| #define PACKAGE "libffi"
| #define VERSION "3.3"
| /* end confdefs.h.  */
| 
| int
| main ()
| {
| 
|   ;
|   return 0;
| }
configure:4774: clang++ -c -g -DRUBY_EXTCONF_H=\"extconf.h\"  -I/usr/local/opt/libyaml/include -I/usr/local/opt/openssl@1.1/include -I/usr/local/opt/readline/include -D_XOPEN_SOURCE -D_DARWIN_C_SOURCE -D_DARWIN_UNLIMITED_SELECT -D_REENTRANT   conftest.cpp >&5
In file included from <built-in>:392:
<command line>:1:25: warning: missing terminating '"' character [-Winvalid-pp-token]
#define RUBY_EXTCONF_H \"extconf.h\"
                        ^
1 warning generated.
configure:4774: $? = 0
configure:4784: result: yes
configure:4809: checking dependency style of clang++
configure:4920: result: none
configure:4950: checking dependency style of clang
configure:5059: result: none
configure:5121: checking how to print strings
configure:5148: result: printf
configure:5169: checking for a sed that does not truncate output
configure:5233: result: /usr/bin/sed
configure:5251: checking for grep that handles long lines and -e
configure:5309: result: /usr/bin/grep
configure:5314: checking for egrep
configure:5376: result: /usr/bin/grep -E
configure:5381: checking for fgrep
configure:5443: result: /usr/bin/grep -F
configure:5478: checking for ld used by clang
configure:5545: result: x86_64-apple-darwin13.4.0-ld
configure:5552: checking if the linker (x86_64-apple-darwin13.4.0-ld) is GNU ld
configure:5567: result: no
configure:5579: checking for BSD- or MS-compatible name lister (nm)
configure:5633: result: x86_64-apple-darwin13.4.0-nm
configure:5763: checking the name lister (x86_64-apple-darwin13.4.0-nm) interface
configure:5770: clang -c  -DRUBY_EXTCONF_H=\"extconf.h\"  -I/usr/local/opt/libyaml/include -I/usr/local/opt/openssl@1.1/include -I/usr/local/opt/readline/include -D_XOPEN_SOURCE -D_DARWIN_C_SOURCE -D_DARWIN_UNLIMITED_SELECT -D_REENTRANT   conftest.c >&5
In file included from <built-in>:351:
<command line>:1:25: warning: missing terminating '"' character [-Winvalid-pp-token]
#define RUBY_EXTCONF_H \"extconf.h\"
                        ^
1 warning generated.
configure:5773: x86_64-apple-darwin13.4.0-nm "conftest.o"
configure:5776: output
0000000000000000 S _some_variable
configure:5783: result: BSD nm
configure:5786: checking whether ln -s works
configure:5790: result: yes
configure:5798: checking the maximum length of command line arguments
configure:5929: result: 786432
configure:5977: checking how to convert x86_64-apple-darwin13.4.0 file names to x86_64-apple-darwin13.4.0 format
configure:6017: result: func_convert_file_noop
configure:6024: checking how to convert x86_64-apple-darwin13.4.0 file names to toolchain format
configure:6044: result: func_convert_file_noop
configure:6051: checking for x86_64-apple-darwin13.4.0-ld option to reload object files
configure:6058: result: -r
configure:6132: checking for objdump
configure:6148: found /usr/bin/objdump
configure:6159: result: objdump
configure:6191: checking how to recognize dependent libraries
configure:6391: result: pass_all
configure:6476: checking for dlltool
configure:6506: result: no
configure:6536: checking how to associate runtime and link libraries
configure:6563: result: printf %s\n
configure:6688: checking for archiver @FILE support
configure:6705: clang -c  -DRUBY_EXTCONF_H=\"extconf.h\"  -I/usr/local/opt/libyaml/include -I/usr/local/opt/openssl@1.1/include -I/usr/local/opt/readline/include -D_XOPEN_SOURCE -D_DARWIN_C_SOURCE -D_DARWIN_UNLIMITED_SELECT -D_REENTRANT   conftest.c >&5
In file included from <built-in>:351:
<command line>:1:25: warning: missing terminating '"' character [-Winvalid-pp-token]
#define RUBY_EXTCONF_H \"extconf.h\"
                        ^
1 warning generated.
configure:6705: $? = 0
configure:6708: libtool -static cru libconftest.a @conftest.lst >&5
error: /Library/Developer/CommandLineTools/usr/bin/libtool: no output file specified (specify with -o output)
Usage: /Library/Developer/CommandLineTools/usr/bin/libtool -static [-] file [...] [-filelist listfile[,dirname]] [-arch_only arch] [-sacLT] [-no_warning_for_no_symbols]
Usage: /Library/Developer/CommandLineTools/usr/bin/libtool -dynamic [-] file [...] [-filelist listfile[,dirname]] [-arch_only arch] [-o output] [-install_name name] [-compatibility_version #] [-current_version #] [-seg1addr 0x#] [-segs_read_only_addr 0x#] [-segs_read_write_addr 0x#] [-seg_addr_table <filename>] [-seg_addr_table_filename <file_system_path>] [-all_load] [-noall_load]
configure:6711: $? = 1
configure:6731: result: no
configure:6789: checking for strip
configure:6816: result: x86_64-apple-darwin13.4.0-strip
configure:6888: checking for ranlib
configure:6915: result: x86_64-apple-darwin13.4.0-ranlib
configure:7017: checking command to parse x86_64-apple-darwin13.4.0-nm output from clang object
configure:7170: clang -c  -DRUBY_EXTCONF_H=\"extconf.h\"  -I/usr/local/opt/libyaml/include -I/usr/local/opt/openssl@1.1/include -I/usr/local/opt/readline/include -D_XOPEN_SOURCE -D_DARWIN_C_SOURCE -D_DARWIN_UNLIMITED_SELECT -D_REENTRANT   conftest.c >&5
In file included from <built-in>:351:
<command line>:1:25: warning: missing terminating '"' character [-Winvalid-pp-token]
#define RUBY_EXTCONF_H \"extconf.h\"
                        ^
1 warning generated.
configure:7173: $? = 0
configure:7177: x86_64-apple-darwin13.4.0-nm conftest.o \| sed -n -e 's/^.*[ ]\([BCDEGRST][BCDEGRST]*\)[ ][ ]*\([_A-Za-z][_A-Za-z0-9]*\)$/\1 \2 \2/p' | sed '/ __gnu_lto/d' \> conftest.nm
configure:7180: $? = 0
cannot find nm_test_var in conftest.nm
configure:7170: clang -c  -DRUBY_EXTCONF_H=\"extconf.h\"  -I/usr/local/opt/libyaml/include -I/usr/local/opt/openssl@1.1/include -I/usr/local/opt/readline/include -D_XOPEN_SOURCE -D_DARWIN_C_SOURCE -D_DARWIN_UNLIMITED_SELECT -D_REENTRANT   conftest.c >&5
In file included from <built-in>:351:
<command line>:1:25: warning: missing terminating '"' character [-Winvalid-pp-token]
#define RUBY_EXTCONF_H \"extconf.h\"
                        ^
1 warning generated.
configure:7173: $? = 0
configure:7177: x86_64-apple-darwin13.4.0-nm conftest.o \| sed -n -e 's/^.*[ ]\([BCDEGRST][BCDEGRST]*\)[ ][ ]*_\([_A-Za-z][_A-Za-z0-9]*\)$/\1 _\2 \2/p' | sed '/ __gnu_lto/d' \> conftest.nm
configure:7180: $? = 0

## ---------------- ##
## Cache variables. ##
## ---------------- ##

ac_cv_build=x86_64-apple-darwin13.4.0
ac_cv_c_compiler_gnu=yes
ac_cv_cxx_compiler_gnu=yes
ac_cv_env_CCASFLAGS_set=
ac_cv_env_CCASFLAGS_value=
ac_cv_env_CCAS_set=
ac_cv_env_CCAS_value=
ac_cv_env_CPPFLAGS_set=set
ac_cv_env_CPPFLAGS_value='-DRUBY_EXTCONF_H=\"extconf.h\"  -I/usr/local/opt/libyaml/include -I/usr/local/opt/openssl@1.1/include -I/usr/local/opt/readline/include -D_XOPEN_SOURCE -D_DARWIN_C_SOURCE -D_DARWIN_UNLIMITED_SELECT -D_REENTRANT  '
ac_cv_env_CPP_set=
ac_cv_env_CPP_value=
ac_cv_env_CXXCPP_set=
ac_cv_env_CXXCPP_value=
ac_cv_env_LT_SYS_LIBRARY_PATH_set=
ac_cv_env_LT_SYS_LIBRARY_PATH_value=
ac_cv_env_build_alias_set=set
ac_cv_env_build_alias_value=x86_64-apple-darwin13.4.0
ac_cv_env_host_alias_set=set
ac_cv_env_host_alias_value=
ac_cv_env_target_alias_set=
ac_cv_env_target_alias_value=
ac_cv_func_malloc_0_nonnull=yes
ac_cv_func_realloc_0_nonnull=yes
ac_cv_host=x86_64-apple-darwin13.4.0
ac_cv_objext=o
ac_cv_path_EGREP='/usr/bin/grep -E'
ac_cv_path_FGREP='/usr/bin/grep -F'
ac_cv_path_GREP=/usr/bin/grep
ac_cv_path_SED=/usr/bin/sed
ac_cv_path_ax_enable_builddir_sed=sed
ac_cv_path_install='/usr/bin/install -c'
ac_cv_prog_AWK=awk
ac_cv_prog_ac_ct_CC=clang
ac_cv_prog_ac_ct_OBJDUMP=objdump
ac_cv_prog_ac_ct_RANLIB=x86_64-apple-darwin13.4.0-ranlib
ac_cv_prog_ac_ct_STRIP=x86_64-apple-darwin13.4.0-strip
ac_cv_prog_cc_c89=
ac_cv_prog_cc_g=yes
ac_cv_prog_cxx_g=yes
ac_cv_prog_make_make_set=yes
ac_cv_target=x86_64-apple-darwin13.4.0
am_cv_CCAS_dependencies_compiler_type=none
am_cv_CC_dependencies_compiler_type=none
am_cv_CXX_dependencies_compiler_type=none
am_cv_make_support_nested_variables=yes
am_cv_prog_cc_c_o=yes
lt_cv_ar_at_file=no
lt_cv_deplibs_check_method=pass_all
lt_cv_file_magic_cmd='$MAGIC_CMD'
lt_cv_file_magic_test_file=
lt_cv_ld_reload_flag=-r
lt_cv_nm_interface='BSD nm'
lt_cv_path_LD=x86_64-apple-darwin13.4.0-ld
lt_cv_path_NM=x86_64-apple-darwin13.4.0-nm
lt_cv_prog_gnu_ld=no
lt_cv_sharedlib_from_linklib_cmd='printf %s\n'
lt_cv_sys_global_symbol_pipe='sed -n -e '\''s/^.*[	 ]\([BCDEGRST][BCDEGRST]*\)[	 ][	 ]*_\([_A-Za-z][_A-Za-z0-9]*\)$/\1 _\2 \2/p'\'' | sed '\''/ __gnu_lto/d'\'''
lt_cv_sys_global_symbol_to_c_name_address='sed -n -e '\''s/^: \(.*\) .*$/  {"\1", (void *) 0},/p'\'' -e '\''s/^[BCDEGRST][BCDEGRST]* .* \(.*\)$/  {"\1", (void *) \&\1},/p'\'''
lt_cv_sys_global_symbol_to_c_name_address_lib_prefix='sed -n -e '\''s/^: \(.*\) .*$/  {"\1", (void *) 0},/p'\'' -e '\''s/^[BCDEGRST][BCDEGRST]* .* \(lib.*\)$/  {"\1", (void *) \&\1},/p'\'' -e '\''s/^[BCDEGRST][BCDEGRST]* .* \(.*\)$/  {"lib\1", (void *) \&\1},/p'\'''
lt_cv_sys_global_symbol_to_cdecl='sed -n -e '\''s/^T .* \(.*\)$/extern int \1();/p'\'' -e '\''s/^[BCDEGRST][BCDEGRST]* .* \(.*\)$/extern char \1;/p'\'''
lt_cv_sys_global_symbol_to_import=
lt_cv_sys_max_cmd_len=786432
lt_cv_to_host_file_cmd=func_convert_file_noop
lt_cv_to_tool_file_cmd=func_convert_file_noop

## ----------------- ##
## Output variables. ##
## ----------------- ##

ACLOCAL='${SHELL} /Users/Ben/Documents/Jekyll_Websites/lengfc09.github.io/vendor/bundle/ruby/2.6.0/gems/ffi-1.15.5/ext/ffi_c/libffi/missing aclocal-1.16'
ALLOCA=''
AMDEPBACKSLASH=''
AMDEP_FALSE=''
AMDEP_TRUE='#'
AMTAR='$${TAR-tar}'
AM_BACKSLASH='\'
AM_DEFAULT_V='$(AM_DEFAULT_VERBOSITY)'
AM_DEFAULT_VERBOSITY='1'
AM_LTLDFLAGS=''
AM_RUNTESTFLAGS=''
AM_V='$(V)'
AR='libtool -static'
AUTOCONF='${SHELL} /Users/Ben/Documents/Jekyll_Websites/lengfc09.github.io/vendor/bundle/ruby/2.6.0/gems/ffi-1.15.5/ext/ffi_c/libffi/missing autoconf'
AUTOHEADER='${SHELL} /Users/Ben/Documents/Jekyll_Websites/lengfc09.github.io/vendor/bundle/ruby/2.6.0/gems/ffi-1.15.5/ext/ffi_c/libffi/missing autoheader'
AUTOMAKE='${SHELL} /Users/Ben/Documents/Jekyll_Websites/lengfc09.github.io/vendor/bundle/ruby/2.6.0/gems/ffi-1.15.5/ext/ffi_c/libffi/missing automake-1.16'
AWK='awk'
BUILD_DOCS_FALSE=''
BUILD_DOCS_TRUE=''
CC='clang'
CCAS='clang'
CCASDEPMODE='depmode=none'
CCASFLAGS=''
CCDEPMODE='depmode=none'
CFLAGS=''
CPP=''
CPPFLAGS='-DRUBY_EXTCONF_H=\"extconf.h\"  -I/usr/local/opt/libyaml/include -I/usr/local/opt/openssl@1.1/include -I/usr/local/opt/readline/include -D_XOPEN_SOURCE -D_DARWIN_C_SOURCE -D_DARWIN_UNLIMITED_SELECT -D_REENTRANT  '
CXX='clang++'
CXXCPP=''
CXXDEPMODE='depmode=none'
CXXFLAGS='-fno-common -O3 -ggdb3   '
CYGPATH_W='echo'
DEFS=''
DEPDIR='.deps'
DLLTOOL='false'
DSYMUTIL=''
DUMPBIN=''
ECHO_C='\c'
ECHO_N=''
ECHO_T=''
EGREP='/usr/bin/grep -E'
EXEEXT=''
FFI_DEBUG_FALSE=''
FFI_DEBUG_TRUE=''
FFI_EXEC_TRAMPOLINE_TABLE=''
FFI_EXEC_TRAMPOLINE_TABLE_FALSE=''
FFI_EXEC_TRAMPOLINE_TABLE_TRUE=''
FGREP='/usr/bin/grep -F'
GREP='/usr/bin/grep'
HAVE_LONG_DOUBLE=''
HAVE_LONG_DOUBLE_VARIANT=''
INSTALL_DATA='${INSTALL} -m 644'
INSTALL_PROGRAM='${INSTALL}'
INSTALL_SCRIPT='${INSTALL}'
INSTALL_STRIP_PROGRAM='$(install_sh) -c -s'
LD='x86_64-apple-darwin13.4.0-ld'
LDFLAGS='-Wl,-pie -Wl,-headerpad_max_install_names -Wl,-dead_strip_dylibs -Wl,-rpath,/Users/Ben/anaconda3/lib -L/Users/Ben/anaconda3/lib'
LIBFFI_BUILD_VERSIONED_SHLIB_FALSE=''
LIBFFI_BUILD_VERSIONED_SHLIB_GNU_FALSE=''
LIBFFI_BUILD_VERSIONED_SHLIB_GNU_TRUE=''
LIBFFI_BUILD_VERSIONED_SHLIB_SUN_FALSE=''
LIBFFI_BUILD_VERSIONED_SHLIB_SUN_TRUE=''
LIBFFI_BUILD_VERSIONED_SHLIB_TRUE=''
LIBOBJS=''
LIBS=''
LIBTOOL='x86_64-apple-darwin13.4.0-libtool'
LIPO='x86_64-apple-darwin13.4.0-lipo'
LN_S='ln -s'
LTLIBOBJS=''
LT_SYS_LIBRARY_PATH=''
MAINT=''
MAINTAINER_MODE_FALSE=''
MAINTAINER_MODE_TRUE=''
MAKEINFO='${SHELL} /Users/Ben/Documents/Jekyll_Websites/lengfc09.github.io/vendor/bundle/ruby/2.6.0/gems/ffi-1.15.5/ext/ffi_c/libffi/missing makeinfo'
MANIFEST_TOOL=''
MKDIR_P='/Users/Ben/Documents/Jekyll_Websites/lengfc09.github.io/vendor/bundle/ruby/2.6.0/gems/ffi-1.15.5/ext/ffi_c/libffi/install-sh -c -d'
NM='x86_64-apple-darwin13.4.0-nm'
NMEDIT='x86_64-apple-darwin13.4.0-nmedit'
OBJDUMP='objdump'
OBJEXT='o'
OPT_LDFLAGS=''
OTOOL64=''
OTOOL='x86_64-apple-darwin13.4.0-otool'
PACKAGE='libffi'
PACKAGE_BUGREPORT='http://github.com/libffi/libffi/issues'
PACKAGE_NAME='libffi'
PACKAGE_STRING='libffi 3.3'
PACKAGE_TARNAME='libffi'
PACKAGE_URL=''
PACKAGE_VERSION='3.3'
PATH_SEPARATOR=':'
PRTDIAG=''
RANLIB='x86_64-apple-darwin13.4.0-ranlib'
SECTION_LDFLAGS=''
SED='/usr/bin/sed'
SET_MAKE=''
SHELL='/bin/sh'
STRIP='x86_64-apple-darwin13.4.0-strip'
TARGET=''
TARGETDIR=''
TARGET_OBJ=''
TESTSUBDIR_FALSE=''
TESTSUBDIR_TRUE=''
VERSION='3.3'
ac_ct_AR=''
ac_ct_CC='clang'
ac_ct_CXX=''
ac_ct_DUMPBIN=''
am__EXEEXT_FALSE=''
am__EXEEXT_TRUE=''
am__fastdepCCAS_FALSE=''
am__fastdepCCAS_TRUE='#'
am__fastdepCC_FALSE=''
am__fastdepCC_TRUE='#'
am__fastdepCXX_FALSE=''
am__fastdepCXX_TRUE='#'
am__include='include'
am__isrc=' -I$(srcdir)'
am__leading_dot='.'
am__nodep=''
am__quote=''
am__tar='$${TAR-tar} chof - "$$tardir"'
am__untar='$${TAR-tar} xf -'
ax_enable_builddir_sed='sed'
bindir='${exec_prefix}/bin'
build='x86_64-apple-darwin13.4.0'
build_alias='x86_64-apple-darwin13.4.0'
build_cpu='x86_64'
build_os='darwin13.4.0'
build_vendor='apple'
datadir='${datarootdir}'
datarootdir='${prefix}/share'
docdir='${datarootdir}/doc/${PACKAGE_TARNAME}'
dvidir='${docdir}'
exec_prefix='NONE'
host='x86_64-apple-darwin13.4.0'
host_alias=''
host_cpu='x86_64'
host_os='darwin13.4.0'
host_vendor='apple'
htmldir='${docdir}'
includedir='${prefix}/include'
infodir='${datarootdir}/info'
install_sh='${SHELL} /Users/Ben/Documents/Jekyll_Websites/lengfc09.github.io/vendor/bundle/ruby/2.6.0/gems/ffi-1.15.5/ext/ffi_c/libffi/install-sh'
libdir='${exec_prefix}/lib'
libexecdir='${exec_prefix}/libexec'
localedir='${datarootdir}/locale'
localstatedir='${prefix}/var'
mandir='${datarootdir}/man'
mkdir_p='$(MKDIR_P)'
oldincludedir='/usr/include'
pdfdir='${docdir}'
prefix='NONE'
program_transform_name='s,x,x,'
psdir='${docdir}'
runstatedir='${localstatedir}/run'
sbindir='${exec_prefix}/sbin'
sharedstatedir='${prefix}/com'
sys_symbol_underscore=''
sysconfdir='${prefix}/etc'
target='x86_64-apple-darwin13.4.0'
target_alias=''
target_cpu='x86_64'
target_os='darwin13.4.0'
target_vendor='apple'
toolexecdir=''
toolexeclibdir=''

## ----------- ##
## confdefs.h. ##
## ----------- ##

/* confdefs.h */
#define PACKAGE_NAME "libffi"
#define PACKAGE_TARNAME "libffi"
#define PACKAGE_VERSION "3.3"
#define PACKAGE_STRING "libffi 3.3"
#define PACKAGE_BUGREPORT "http://github.com/libffi/libffi/issues"
#define PACKAGE_URL ""
#define PACKAGE "libffi"
#define VERSION "3.3"

configure: caught signal 2
configure: exit 1
