"x86_64-apple-darwin13.4.0-clang -o conftest -I/usr/local/Cellar/ruby/2.7.2/include/ruby-2.7.0/x86_64-darwin20 -I/usr/local/Cellar/ruby/2.7.2/include/ruby-2.7.0/ruby/backward -I/usr/local/Cellar/ruby/2.7.2/include/ruby-2.7.0 -I.  -I/usr/local/opt/libyaml/include -I/usr/local/opt/openssl@1.1/include -I/usr/local/opt/readline/include -D_XOPEN_SOURCE -D_DARWIN_C_SOURCE -D_DARWIN_UNLIMITED_SELECT -D_REENTRANT   -O3 -ggdb3 -Wall -Wextra -Wdeprecated-declarations -Wdivision-by-zero -Wimplicit-function-declaration -Wimplicit-int -Wmisleading-indentation -Wpointer-arith -Wshorten-64-to-32 -Wwrite-strings -Wmissing-noreturn -Wno-constant-logical-operand -Wno-long-long -Wno-missing-field-initializers -Wno-overlength-strings -Wno-parentheses-equality -Wno-self-assign -Wno-tautological-compare -Wno-unused-parameter -Wno-unused-value -Wunused-variable -Wextra-tokens  -fno-common -pipe -march=core2 -mtune=haswell -mssse3 -ftree-vectorize -fPIC -fPIE -fstack-protector-strong -O2 -pipe -I /Library/Developer/CommandLineTools/SDKs/MacOSX.sdk/usr/include/libxml2 conftest.c  -L. -L/usr/local/Cellar/ruby/2.7.2/lib -L/usr/local/opt/libyaml/lib -L/usr/local/opt/openssl@1.1/lib -L/usr/local/opt/readline/lib -L. -fstack-protector-strong -L/usr/local/lib -L/usr/local/opt/libyaml/lib -L/usr/local/opt/openssl@1.1/lib -L/usr/local/opt/readline/lib     -lruby.2.7    "
warning: unknown warning option '-Wmisleading-indentation'; did you mean '-Wmissing-declarations'? [-Wunknown-warning-option]
1 warning generated.
clang-4.0: error: unable to execute command: Segmentation fault: 11
clang-4.0: error: linker command failed due to signal (use -v to see invocation)
checked program was:
/* begin */
1: #include "ruby.h"
2: 
3: int main(int argc, char **argv)
4: {
5:   return !!argv[argc];
6: }
/* end */

